<?xml version="1.0" encoding="UTF-8"?>
<!-- Generated by org.testng.reporters.JUnitReportReporter -->
<testsuite skipped="0" hostname="CPX-WBFAJLZX9C2" name="helloworldalex.TestHelloWorld" tests="1" failures="0" timestamp="2021-01-15T19:17:01 MEZ" time="0.013" errors="0">
  <testcase name="testHelloWorld" time="0.013" classname="helloworldalex.TestHelloWorld"/>
  <system-out/>
</testsuite> <!-- helloworldalex.TestHelloWorld -->
